Using pre-set license
Built from '2020.3/staging' branch; Version is '2020.3.18f1 (a7d1c678663c) revision 10998214'; Using compiler version '192528614'; Build Type 'Release'
OS: 'Windows 10 Home; OS build 19042.1348; Version 2009; 64bit' Language: 'fr' Physical Memory: 8125 MB
BatchMode: 1, IsHumanControllingUs: 0, StartBugReporterOnCrash: 0, Is64bit: 1, IsPro: 0

COMMAND LINE ARGUMENTS:
C:\Program Files\Unity\Hub\Editor\2020.3.18f1\Editor\Unity.exe
-adb2
-batchMode
-noUpm
-name
AssetImportWorker0
-projectPath
C:/Users/Student/Desktop/gamjam/GamJam_IAD_G5/GamJam_IAD_G5_UnityProject
-logFile
Logs/AssetImportWorker0.log
-srvPort
61222
Successfully changed project path to: C:/Users/Student/Desktop/gamjam/GamJam_IAD_G5/GamJam_IAD_G5_UnityProject
C:/Users/Student/Desktop/gamjam/GamJam_IAD_G5/GamJam_IAD_G5_UnityProject
Using Asset Import Pipeline V2.
Refreshing native plugins compatible for Editor in 228.70 ms, found 2 plugins.
Preloading 0 native plugins for Editor in 0.00 ms.
Initialize engine version: 2020.3.18f1 (a7d1c678663c)
[Subsystems] Discovering subsystems at path C:/Program Files/Unity/Hub/Editor/2020.3.18f1/Editor/Data/Resources/UnitySubsystems
[Subsystems] Discovering subsystems at path C:/Users/Student/Desktop/gamjam/GamJam_IAD_G5/GamJam_IAD_G5_UnityProject/Assets
GfxDevice: creating device client; threaded=0
Direct3D:
    Version:  Direct3D 11.0 [level 11.1]
    Renderer: NVIDIA GeForce GTX 1650 (ID=0x1f82)
    Vendor:   
    VRAM:     3962 MB
    Driver:   27.21.14.6109
Initialize mono
Mono path[0] = 'C:/Program Files/Unity/Hub/Editor/2020.3.18f1/Editor/Data/Managed'
Mono path[1] = 'C:/Program Files/Unity/Hub/Editor/2020.3.18f1/Editor/Data/MonoBleedingEdge/lib/mono/unityjit'
Mono config path = 'C:/Program Files/Unity/Hub/Editor/2020.3.18f1/Editor/Data/MonoBleedingEdge/etc'
Using monoOptions --debugger-agent=transport=dt_socket,embedding=1,server=y,suspend=n,address=127.0.0.1:56284
Begin MonoManager ReloadAssembly
Registering precompiled unity dll's ...
Register platform support module: C:/Program Files/Unity/Hub/Editor/2020.3.18f1/Editor/Data/PlaybackEngines/WindowsStandaloneSupport/UnityEditor.WindowsStandalone.Extensions.dll
Registered in 0.004103 seconds.
Native extension for WindowsStandalone target not found
Refreshing native plugins compatible for Editor in 253.60 ms, found 2 plugins.
Preloading 0 native plugins for Editor in 0.00 ms.
Mono: successfully reloaded assembly
- Completed reload, in  6.921 seconds
Domain Reload Profiling:
	ReloadAssembly (6922ms)
		BeginReloadAssembly (360ms)
			ExecutionOrderSort (0ms)
			DisableScriptedObjects (0ms)
			BackupInstance (0ms)
			ReleaseScriptingObjects (0ms)
			CreateAndSetChildDomain (1ms)
		EndReloadAssembly (1743ms)
			LoadAssemblies (357ms)
			RebuildTransferFunctionScriptingTraits (0ms)
			SetupTypeCache (773ms)
			ReleaseScriptCaches (0ms)
			RebuildScriptCaches (76ms)
			SetupLoadedEditorAssemblies (667ms)
				LogAssemblyErrors (0ms)
				InitializePlatformSupportModulesInManaged (11ms)
				SetLoadedEditorAssemblies (1ms)
				RefreshPlugins (254ms)
				BeforeProcessingInitializeOnLoad (55ms)
				ProcessInitializeOnLoadAttributes (247ms)
				ProcessInitializeOnLoadMethodAttributes (98ms)
				AfterProcessingInitializeOnLoad (1ms)
				EditorAssembliesLoaded (2ms)
			ExecutionOrderSort2 (0ms)
			AwakeInstancesAfterBackupRestoration (0ms)
Platform modules already initialized, skipping
Registering precompiled user dll's ...
Registered in 0.017477 seconds.
Begin MonoManager ReloadAssembly
Native extension for WindowsStandalone target not found
Refreshing native plugins compatible for Editor in 277.16 ms, found 2 plugins.
Preloading 0 native plugins for Editor in 0.00 ms.
Mono: successfully reloaded assembly
- Completed reload, in  5.408 seconds
Domain Reload Profiling:
	ReloadAssembly (5410ms)
		BeginReloadAssembly (493ms)
			ExecutionOrderSort (0ms)
			DisableScriptedObjects (14ms)
			BackupInstance (0ms)
			ReleaseScriptingObjects (1ms)
			CreateAndSetChildDomain (80ms)
		EndReloadAssembly (4703ms)
			LoadAssemblies (376ms)
			RebuildTransferFunctionScriptingTraits (0ms)
			SetupTypeCache (1211ms)
			ReleaseScriptCaches (3ms)
			RebuildScriptCaches (338ms)
			SetupLoadedEditorAssemblies (2028ms)
				LogAssemblyErrors (0ms)
				InitializePlatformSupportModulesInManaged (16ms)
				SetLoadedEditorAssemblies (0ms)
				RefreshPlugins (277ms)
				BeforeProcessingInitializeOnLoad (322ms)
				ProcessInitializeOnLoadAttributes (976ms)
				ProcessInitializeOnLoadMethodAttributes (408ms)
				AfterProcessingInitializeOnLoad (29ms)
				EditorAssembliesLoaded (0ms)
			ExecutionOrderSort2 (0ms)
			AwakeInstancesAfterBackupRestoration (18ms)
Platform modules already initialized, skipping
========================================================================
Worker process is ready to serve import requests
Launched and connected shader compiler UnityShaderCompiler.exe after 0.20 seconds
Refreshing native plugins compatible for Editor in 3.71 ms, found 2 plugins.
Preloading 0 native plugins for Editor in 0.00 ms.
Unloading 4075 Unused Serialized files (Serialized files now loaded: 0)
System memory in use before: 190.5 MB.
System memory in use after: 190.7 MB.

Unloading 20 unused Assets to reduce memory usage. Loaded Objects now: 4527.
Total: 28.690400 ms (FindLiveObjects: 3.506000 ms CreateObjectMapping: 1.483800 ms MarkObjects: 23.387400 ms  DeleteObjects: 0.307900 ms)

AssetImportParameters requested are different than current active one (requested -> active):
  custom:framework-win-MediaFoundation: 216162199b28c13a410421893ffa2e32 -> 
  custom:video-decoder-ogg-theora: a1e56fd34408186e4bbccfd4996cb3dc -> 
  custom:container-muxer-webm: aa71ff27fc2769a1b78a27578f13a17b -> 
  custom:container-demuxer-webm: 4f35f7cbe854078d1ac9338744f61a02 -> 
  custom:container-demuxer-ogg: 62fdf1f143b41e24485cea50d1cbac27 -> 
  custom:video-encoder-webm-vp8: eb34c28f22e8b96e1ab97ce403110664 -> 
  custom:video-codec-MediaFoundation-h265: 746d11721c4dcdbdad8f713fa42b33f4 -> 
  custom:video-decoder-webm-vp8: 9c59270c3fd7afecdb556c50c9e8de78 -> 
  custom:audio-decoder-ogg-vorbis: bf7c407c2cedff20999df2af8eb42d56 -> 
  custom:audio-encoder-webm-vorbis: bf7c407c2cedff20999df2af8eb42d56 -> 
========================================================================
Received Import Request.
  path: Assets/SampleSceneAssets/TutorialInfo/Readme.asset
  artifactKey: Guid(83c2ed844a8c74b779a4c823d16594b1) Importer(815301076,1909f56bfc062723c751e8b465ee728b)
Start importing Assets/SampleSceneAssets/TutorialInfo/Readme.asset using Guid(83c2ed844a8c74b779a4c823d16594b1) Importer(815301076,1909f56bfc062723c751e8b465ee728b)  -> (artifact id: '17459b2593d337ebab0d120e775ef02f') in 0.150283 seconds 
  Import took 0.182407 seconds .

========================================================================
Received Import Request.
  Time since last request: 1435.489547 seconds.
  path: Assets/HDRPDefaultResources/DefaultHDRISky.exr
  artifactKey: Guid(54a3a0570aebe8949bec4966f1376581) Importer(815301076,1909f56bfc062723c751e8b465ee728b)
Start importing Assets/HDRPDefaultResources/DefaultHDRISky.exr using Guid(54a3a0570aebe8949bec4966f1376581) Importer(815301076,1909f56bfc062723c751e8b465ee728b)  -> (artifact id: 'e9b88b803ce0293957a8efe4e81a774a') in 0.176542 seconds 
  Import took 0.184462 seconds .

========================================================================
Received Import Request.
  Time since last request: 0.000225 seconds.
  path: Assets/HDRPDefaultResources/DefaultVFXResources.asset
  artifactKey: Guid(145290c901d58b343bdeb3b4362c9ff2) Importer(815301076,1909f56bfc062723c751e8b465ee728b)
Start importing Assets/HDRPDefaultResources/DefaultVFXResources.asset using Guid(145290c901d58b343bdeb3b4362c9ff2) Importer(815301076,1909f56bfc062723c751e8b465ee728b)  -> (artifact id: 'c9e221fbb1f536f4209b6ddc1ed56a28') in 0.033491 seconds 
  Import took 0.040139 seconds .

========================================================================
Received Import Request.
  Time since last request: 0.000250 seconds.
  path: Assets/HDRPDefaultResources/DefaultHDRPAsset.asset
  artifactKey: Guid(e93c35b24eb03c74284e7dc0b755bfcc) Importer(815301076,1909f56bfc062723c751e8b465ee728b)
Start importing Assets/HDRPDefaultResources/DefaultHDRPAsset.asset using Guid(e93c35b24eb03c74284e7dc0b755bfcc) Importer(815301076,1909f56bfc062723c751e8b465ee728b)  -> (artifact id: '4c3b6bc00a8e0aed5567fcdc8daf5aa1') in 0.011883 seconds 
  Import took 0.019171 seconds .

========================================================================
Received Import Request.
  Time since last request: 0.000255 seconds.
  path: Assets/HDRPDefaultResources/DefaultSceneRoot.prefab
  artifactKey: Guid(2bfa7b9d63fa79e4abdc033f54a868d2) Importer(815301076,1909f56bfc062723c751e8b465ee728b)
Start importing Assets/HDRPDefaultResources/DefaultSceneRoot.prefab using Guid(2bfa7b9d63fa79e4abdc033f54a868d2) Importer(815301076,1909f56bfc062723c751e8b465ee728b)  -> (artifact id: '06db68a93d44377bde9428d291286de3') in 0.036042 seconds 
  Import took 0.042473 seconds .

========================================================================
Received Import Request.
  Time since last request: 1.884737 seconds.
  path: Assets/Perso/Baptiste
  artifactKey: Guid(8f218ffc376ec674196bd9f8d2d46421) Importer(815301076,1909f56bfc062723c751e8b465ee728b)
Start importing Assets/Perso/Baptiste using Guid(8f218ffc376ec674196bd9f8d2d46421) Importer(815301076,1909f56bfc062723c751e8b465ee728b)  -> (artifact id: 'd3244fe2f070437a9918d1b359c51a2f') in 0.008869 seconds 
  Import took 0.014806 seconds .

========================================================================
Received Import Request.
  Time since last request: 0.000491 seconds.
  path: Assets/Perso/Baptiste
  artifactKey: Guid(8f218ffc376ec674196bd9f8d2d46421) Importer(815301076,1909f56bfc062723c751e8b465ee728b)
Start importing Assets/Perso/Baptiste using Guid(8f218ffc376ec674196bd9f8d2d46421) Importer(815301076,1909f56bfc062723c751e8b465ee728b)  -> (artifact id: 'd3244fe2f070437a9918d1b359c51a2f') in 0.003279 seconds 
  Import took 0.009498 seconds .

========================================================================
Received Import Request.
  Time since last request: 38.263878 seconds.
  path: Assets/Perso/Baptiste/bonjour 1.txt
  artifactKey: Guid(74940c930e723cb469b1c70f027e5a00) Importer(815301076,1909f56bfc062723c751e8b465ee728b)
Start importing Assets/Perso/Baptiste/bonjour 1.txt using Guid(74940c930e723cb469b1c70f027e5a00) Importer(815301076,1909f56bfc062723c751e8b465ee728b)  -> (artifact id: '299e7a778f28355ce51782693fb53c3a') in 0.019149 seconds 
  Import took 0.031324 seconds .

========================================================================
Received Import Request.
  Time since last request: 0.001059 seconds.
  path: Assets/Perso/Baptiste/bonjour 1.txt
  artifactKey: Guid(74940c930e723cb469b1c70f027e5a00) Importer(815301076,1909f56bfc062723c751e8b465ee728b)
Start importing Assets/Perso/Baptiste/bonjour 1.txt using Guid(74940c930e723cb469b1c70f027e5a00) Importer(815301076,1909f56bfc062723c751e8b465ee728b)  -> (artifact id: '299e7a778f28355ce51782693fb53c3a') in 0.005770 seconds 
  Import took 0.014909 seconds .

========================================================================
Received Import Request.
  Time since last request: 1.543606 seconds.
  path: Assets/Perso/Baptiste/bonjour.txt
  artifactKey: Guid(83dc2fe3deb54a24886000e5a64e71af) Importer(815301076,1909f56bfc062723c751e8b465ee728b)
Start importing Assets/Perso/Baptiste/bonjour.txt using Guid(83dc2fe3deb54a24886000e5a64e71af) Importer(815301076,1909f56bfc062723c751e8b465ee728b)  -> (artifact id: '03be972bfd85a773fe01f42bd1cb94b1') in 0.015579 seconds 
  Import took 0.022971 seconds .

